  GraphDisplayer.cpp
C:\Users\boygioi15\Desktop\SDL Projects\Projects holder\Graph drawer\Header Files\CalculatorText_RenderHelper.h(77): warning C4091: 'inline static ': ignored on left of 'CalculatorText_RenderHelper::LETTERS' when no variable is declared
C:\Users\boygioi15\Desktop\SDL Projects\Projects holder\Graph drawer\Source Files\Interface\GraphDisplayer.cpp(135,23): warning C4244: 'initializing': conversion from 'double' to 'int', possible loss of data
C:\Users\boygioi15\Desktop\SDL Projects\Projects holder\Graph drawer\Source Files\Interface\GraphDisplayer.cpp(141,23): warning C4244: 'initializing': conversion from 'double' to 'int', possible loss of data
C:\Users\boygioi15\Desktop\SDL Projects\Projects holder\Graph drawer\Source Files\Interface\GraphDisplayer.cpp(407,23): warning C4244: 'initializing': conversion from 'double' to 'int', possible loss of data
C:\Users\boygioi15\Desktop\SDL Projects\Projects holder\Graph drawer\Source Files\Interface\GraphDisplayer.cpp(408,23): warning C4244: 'initializing': conversion from 'double' to 'int', possible loss of data
C:\Users\boygioi15\Desktop\SDL Projects\Projects holder\Graph drawer\Source Files\Interface\GraphDisplayer.cpp(428,108): warning C4244: 'argument': conversion from 'int' to 'float', possible loss of data
C:\Users\boygioi15\Desktop\SDL Projects\Projects holder\Graph drawer\Source Files\Interface\GraphDisplayer.cpp(428,83): warning C4244: 'argument': conversion from 'int' to 'float', possible loss of data
C:\Users\boygioi15\Desktop\SDL Projects\Projects holder\Graph drawer\Source Files\Interface\GraphDisplayer.cpp(428,58): warning C4244: 'argument': conversion from 'int' to 'float', possible loss of data
C:\Users\boygioi15\Desktop\SDL Projects\Projects holder\Graph drawer\Source Files\Interface\GraphDisplayer.cpp(428,37): warning C4244: 'argument': conversion from 'int' to 'float', possible loss of data
C:\Users\boygioi15\Desktop\SDL Projects\Projects holder\Graph drawer\Source Files\Interface\GraphDisplayer.cpp(467,38): warning C4244: 'argument': conversion from 'double' to 'float', possible loss of data
C:\Users\boygioi15\Desktop\SDL Projects\Projects holder\Graph drawer\Source Files\Interface\GraphDisplayer.cpp(471,72): warning C4244: 'argument': conversion from 'float' to 'Uint8', possible loss of data
C:\Users\boygioi15\Desktop\SDL Projects\Projects holder\Graph drawer\Source Files\Interface\GraphDisplayer.cpp(472,75): warning C4244: 'argument': conversion from 'float' to 'Uint8', possible loss of data
C:\Users\boygioi15\Desktop\SDL Projects\Projects holder\Graph drawer\Source Files\Interface\GraphDisplayer.cpp(475,72): warning C4244: 'argument': conversion from 'float' to 'Uint8', possible loss of data
C:\Users\boygioi15\Desktop\SDL Projects\Projects holder\Graph drawer\Source Files\Interface\GraphDisplayer.cpp(476,76): warning C4244: 'argument': conversion from 'float' to 'Uint8', possible loss of data
C:\Users\boygioi15\Desktop\SDL Projects\Projects holder\Graph drawer\Source Files\Interface\GraphDisplayer.cpp(485,38): warning C4244: 'argument': conversion from 'double' to 'float', possible loss of data
C:\Users\boygioi15\Desktop\SDL Projects\Projects holder\Graph drawer\Source Files\Interface\GraphDisplayer.cpp(489,72): warning C4244: 'argument': conversion from 'float' to 'Uint8', possible loss of data
C:\Users\boygioi15\Desktop\SDL Projects\Projects holder\Graph drawer\Source Files\Interface\GraphDisplayer.cpp(490,75): warning C4244: 'argument': conversion from 'float' to 'Uint8', possible loss of data
C:\Users\boygioi15\Desktop\SDL Projects\Projects holder\Graph drawer\Source Files\Interface\GraphDisplayer.cpp(493,72): warning C4244: 'argument': conversion from 'float' to 'Uint8', possible loss of data
C:\Users\boygioi15\Desktop\SDL Projects\Projects holder\Graph drawer\Source Files\Interface\GraphDisplayer.cpp(494,75): warning C4244: 'argument': conversion from 'float' to 'Uint8', possible loss of data
C:\Users\boygioi15\Desktop\SDL Projects\Projects holder\Graph drawer\Source Files\Interface\GraphDisplayer.cpp(500,69): warning C4244: 'argument': conversion from 'float' to 'Uint8', possible loss of data
C:\Users\boygioi15\Desktop\SDL Projects\Projects holder\Graph drawer\Source Files\Interface\GraphDisplayer.cpp(501,72): warning C4244: 'argument': conversion from 'float' to 'Uint8', possible loss of data
C:\Users\boygioi15\Desktop\SDL Projects\Projects holder\Graph drawer\Source Files\Interface\GraphDisplayer.cpp(507,69): warning C4244: 'argument': conversion from 'float' to 'Uint8', possible loss of data
C:\Users\boygioi15\Desktop\SDL Projects\Projects holder\Graph drawer\Source Files\Interface\GraphDisplayer.cpp(508,72): warning C4244: 'argument': conversion from 'float' to 'Uint8', possible loss of data
CalculatorText_RenderHelper.obj : error LNK2019: unresolved external symbol "public: class std::basic_string<char,struct std::char_traits<char>,class std::allocator<char> > __cdecl CalculatorText::getStringContent(void)" (?getStringContent@CalculatorText@@QEAA?AV?$basic_string@DU?$char_traits@D@std@@V?$allocator@D@2@@std@@XZ) referenced in function "public: static class cTexture * __cdecl CalculatorText_RenderHelper::createTextureFromCalculatorText(class CalculatorText &)" (?createTextureFromCalculatorText@CalculatorText_RenderHelper@@SAPEAVcTexture@@AEAVCalculatorText@@@Z)
CalculatorText_RenderHelper.obj : error LNK2019: unresolved external symbol "public: int __cdecl CalculatorText::getCursorPosition(void)" (?getCursorPosition@CalculatorText@@QEAAHXZ) referenced in function "public: static void __cdecl CalculatorText_RenderHelper::renderCursorBarWithArea(struct SDL_Rect &,class CalculatorText &)" (?renderCursorBarWithArea@CalculatorText_RenderHelper@@SAXAEAUSDL_Rect@@AEAVCalculatorText@@@Z)
GraphDisplayer.obj : error LNK2019: unresolved external symbol "public: class Expression __cdecl CalculatorText::getExpression(void)" (?getExpression@CalculatorText@@QEAA?AVExpression@@XZ) referenced in function "public: void __cdecl cGraphDisplayer::cGraph::updateDrawingPoint(void)" (?updateDrawingPoint@cGraph@cGraphDisplayer@@QEAAXXZ)
SlotHandler.obj : error LNK2019: unresolved external symbol "public: __cdecl CalculatorText::CalculatorText(void)" (??0CalculatorText@@QEAA@XZ) referenced in function "public: __cdecl cSlot::cSlot(void)" (??0cSlot@@QEAA@XZ)
SlotHandler.obj : error LNK2019: unresolved external symbol "public: void __cdecl CalculatorText::insertAtCursor(class std::basic_string<char,struct std::char_traits<char>,class std::allocator<char> >)" (?insertAtCursor@CalculatorText@@QEAAXV?$basic_string@DU?$char_traits@D@std@@V?$allocator@D@2@@std@@@Z) referenced in function "public: void __cdecl cSlotHandler::insertContentIntoFocusedSlot(class std::basic_string<char,struct std::char_traits<char>,class std::allocator<char> >)" (?insertContentIntoFocusedSlot@cSlotHandler@@QEAAXV?$basic_string@DU?$char_traits@D@std@@V?$allocator@D@2@@std@@@Z)
SlotHandler.obj : error LNK2019: unresolved external symbol "public: void __cdecl CalculatorText::eraseAtCursor(void)" (?eraseAtCursor@CalculatorText@@QEAAXXZ) referenced in function "public: void __cdecl cSlotHandler::eraseContentOfFocusedSlot(void)" (?eraseContentOfFocusedSlot@cSlotHandler@@QEAAXXZ)
SlotHandler.obj : error LNK2019: unresolved external symbol "public: void __cdecl CalculatorText::moveCursorLeft(void)" (?moveCursorLeft@CalculatorText@@QEAAXXZ) referenced in function "public: void __cdecl cSlotHandler::moveFocusedSlotCursorLeft(void)" (?moveFocusedSlotCursorLeft@cSlotHandler@@QEAAXXZ)
SlotHandler.obj : error LNK2019: unresolved external symbol "public: void __cdecl CalculatorText::moveCursorRight(void)" (?moveCursorRight@CalculatorText@@QEAAXXZ) referenced in function "public: void __cdecl cSlotHandler::moveFocusedSlotCursorRight(void)" (?moveFocusedSlotCursorRight@cSlotHandler@@QEAAXXZ)
SlotHandler.obj : error LNK2019: unresolved external symbol "public: bool __cdecl CalculatorText::isEmpty(void)" (?isEmpty@CalculatorText@@QEAA_NXZ) referenced in function "public: void __cdecl cSlot::showRenderContent(void)" (?showRenderContent@cSlot@@QEAAXXZ)
SlotHandler.obj : error LNK2019: unresolved external symbol "public: void __cdecl CalculatorText::makeExpressionVariable(char)" (?makeExpressionVariable@CalculatorText@@QEAAXD@Z) referenced in function "public: __cdecl cSlot::cSlot(void)" (??0cSlot@@QEAA@XZ)
C:\Users\boygioi15\Desktop\SDL Projects\Projects holder\SDL Projects\x64\Debug\Graph drawer.exe : fatal error LNK1120: 10 unresolved externals
